<?xml version="1.0" encoding="UTF-8"?>
<testsuite name="com.example.cleanarchitecturestudy.ExampleUnitTest" tests="1" skipped="0" failures="0" errors="0" timestamp="2022-03-29T02:28:54" hostname="DESKTOP-M3VRJ07" time="0.006">
  <properties/>
  <testcase name="addition_isCorrect" classname="com.example.cleanarchitecturestudy.ExampleUnitTest" time="0.006"/>
  <system-out><![CDATA[]]></system-out>
  <system-err><![CDATA[]]></system-err>
</testsuite>
