<?xml version="1.0" encoding="UTF-8"?>
<testsuite name="com.example.data.ExampleUnitTest" tests="1" skipped="0" failures="0" errors="0" timestamp="2022-03-23T02:57:53" hostname="DESKTOP-M3VRJ07" time="0.002">
  <properties/>
  <testcase name="addition_isCorrect" classname="com.example.data.ExampleUnitTest" time="0.002"/>
  <system-out><![CDATA[]]></system-out>
  <system-err><![CDATA[]]></system-err>
</testsuite>
